SaguaroNP_DSN016-S__20250518_180018.dat
SaguaroNP_DSN016-S__20250621_110458.dat
SaguaroNP_DSN016-S__20250921_102702.dat
SaguaroNP_DSN016-S__20250921_153339.dat
SaguaroNP_DSN016-S__20250921_154643.dat
SaguaroNP_DSN016-S__20251007_155657.dat
SaguaroNP_DSN016-S__20251011_092040.dat
SaguaroNP_DSN016-S__20251013_095944.dat
SaguaroNP_DSN016-S__20251116_163631.dat
SaguaroNP_DSN016-S__20251204_104953.dat
DSN019-S_19_001.dat
DSN019-S_20_002.dat
DSN019-S_21_003.dat
DSN019-S_22_004.dat
DSN019-S_23_005.dat
DSN019-S_24_006.dat
DSN019-S_25_007.dat
DSN019-S_25_008.dat
VATT_DSN021-S__20250618_152256.dat
VATT_DSN021-S__20250624_112653.dat
VATT_DSN021-S__20250627_080219.dat
VATT_DSN021-S__20250628_081057.dat
VATT_DSN021-S__20250828_120813.dat
VATT_DSN021-S__20250905_165325.dat
VATT_DSN021-S__20250911_100141.dat
VATT_DSN021-S__20251007_152539.dat
VATT_DSN021-S__20251010_144839.dat
VATT_DSN021-S__20251010_145745.dat
VATT_DSN021-S__20251205_100953.dat
VATT_DSN021-S__20260106_092744.dat
Tumacacori_NHP_DSN022-S__20250609_120944.dat
Tumacacori_NHP_DSN022-S__20250610_115831.dat
Tumacacori_NHP_DSN022-S__20250611_095515.dat
Tumacacori_NHP_DSN022-S__20250612_154603.dat
DSN024-S_2025-037.dat
DSN024-S_2025-038.dat
DSN024-S_2025-039.dat
DSN024-S_2025-040.dat
DSN024-S_2025-041.dat
DSN024-S_2025-042.dat
DSN024-S_2025-043.dat
DSN024-S_2025-044.dat
DSN024-S_2025-045.dat
DSN024-S_2025-046.dat
DSN024-S_2025-048.dat
DSN024-S_2025-049.dat
DSN024-S_2025-050.dat
DSN024-S_2025-36.dat
DSN024-S_2026-001.dat
DSN024-S_2026-002.dat
Nogales_DSN030-S_20250619_180651.dat
Nogales_DSN030-S__20250322_103727.dat
Nogales_DSN030-S__20251114_181250.dat
Nogales_DSN030-S__20251230_103713.dat
DSN031-S_23_001.dat
DSN031-S_24_002.dat
DSN031-S_25_003.dat
DSN031-S_25_004.dat
DSN035-S_18_001.dat
DSN035-S_19_002.dat
DSN035-S_20_003.dat
DSN035-S_21_004.dat
DSN035-S_22_005.dat
DSN035-S_23_006.dat
DSN035-S_24_007.dat
DSN035-S_25_008.dat
DSN035-S_25_009.dat
DSN040-S_25_009.dat
DSN041-S_25_001.dat
DSN043-S_25_001.dat
DSN045-S_25_001.dat
SaguaroNP_DSN016-S__20260127_103832.dat
DSN024-S_2026-003.dat
DSN024-S_2026-004.dat
DSN019-S_26_009.dat
DSN031-S_26_006.dat
DSN035-S_26_011.dat
DSN040-S_26_003.dat
DSN041-S_26_003.dat
DSN043-S_26_003.dat
DSN045-S_26_003.dat
SaguaroNP_DSN016-S__20260214_114816.dat
DSN024-S_2026-005.dat
DSN024-S_2026-006.dat
DSN024-S_2026-007.dat
DSN024-S_2026-008.dat
DSN039-S_2026-006.dat
DSN039-S_2026-007.dat
DSN039-S_2026-008.dat
SaguaroNP_DSN016-S__20260307_113021.dat
DSN024-S_2026-009.dat
DSN024-S_2026-010.dat
DSN024-S_2026-011.dat
DSN039-S_2026-009.dat
DSN039-S_2026-010.dat
DSN039-S_2026-011.dat
DSN024-S_2026-012.dat
DSN039-S_2026-012.dat
DSN044-S_24.dat
DSN024-S_2026-013.dat
DSN024-S_2026-014.dat
DSN039-S_2026-013.dat
DSN039-S_2026-014.dat
Bonita_18.xlsx
Bonita_19.xlsx
Bonita_20.xlsx
Bonita_21.xlsx
Bonita_22.xlsx
Bonita_23.xlsx
Bonita_24.xlsx
Bonita_26.xlsx
Bonita_25.xlsx
DSN024-S_2026-015.dat
SaguaroNP_DSN016-S__20260424_094647.dat
VATT_DSN021-S__20260424_094404.dat
DSN024-S_2026-016.dat
DSN039-S_2026-015.dat
DSN045-S_26_004.dat
DSN031-S_26_007.dat
SaguaroNP_DSN016-S__20260512_110858.dat
DSN019-S_26_010.dat
DSN024-S_2026-017.dat
DSN024-S_2026-019.dat
DSN035-S_26_012.dat
DSN039-S_2026-019.dat
DSN040-S_26_004.dat
DSN041-S_26_004.dat
DSN043-S_26_004.dat
DSN024-S_2026-020.dat
DSN024-S_2026-021.dat
DSN039-S_2026-020.dat
DSN039-S_2026-021.dat
DSN024-S_2026-022.dat
DSN024-S_2026-023.dat
DSN024-S_2026-024.dat
DSN039-S_2026-022.dat
DSN039-S_2026-023.dat
OracleSP_20260620_065652.dat
IronwoodNF_DSN038-S_20260620_114732.dat
DSN039-S_2026-024.dat
DSN031-S_26_008.dat
DSN031-S_26_009.dat
SaguaroNP_DSN016-S__20260625_090049.dat
SaguaroNP_DSN016-S__20260626_090105.dat
SaguaroNP_DSN016-S__20260705_115813.dat
SaguaroNP_DSN016-S__20260706_004129.dat
DSN024-S_2026-025.dat
DSN024-S_2026-026.dat
DSN024-S_2026-027.dat
DSN024-S_2026-028.dat
DSN039-S_2026-025.dat
DSN039-S_2026-026.dat
DSN039-S_2026-027.dat
DSN039-S_2026-028.dat
Sugarloaf_17.xlsx
Sugarloaf_18.xlsx
Sugarloaf_19.xlsx
Sugarloaf_20.xlsx
Sugarloaf_21.xlsx
Sugarloaf_22.xlsx
Sugarloaf_23.xlsx
Sugarloaf_24.xlsx
Sugarloaf_25.xlsx
Sugarloaf_26.xlsx
DSN036-S_Gilinsky_24-12.dat
DSN036-S_Gilinsky_25-01.dat
DSN036-S_Gilinsky_26-07.dat
