[2025-10-29T19:51:16Z] GIT add ['status/status-DSN019-S_MtLemmon.json']
[2025-10-29T19:51:16Z] GIT add rc=0
[2025-10-29T19:51:16Z] GIT commit: status start DSN019-S_MtLemmon 2025-03-31..2025-11-30
[2025-10-29T19:51:16Z] GIT commit rc=0
[2025-10-29T19:51:16Z] GIT push origin main
[2025-10-29T19:51:17Z] GIT push rc=0
[2025-10-29T19:51:17Z] CSV job start for DSN019-S_MtLemmon 2025-03-31..2025-11-30
[2025-10-29T19:51:17Z] Running: python3 -u /Users/soazdsn/DSN/DSNcode/DSN_generate_csv.py --label DSN019-S_MtLemmon --from 2025-03-31 --to 2025-11-30 --site-repo /Users/soazdsn/DSN/soazcomms.github.io --out /Users/soazdsn/DSN/soazcomms.github.io/DSNdata/DSN019-S_MtLemmon_20250331_20251130.csv --influx-url https://us-east-1-1.aws.cloud2.influxdata.com --influx-org DSN --influx-bucket DSNdata --influx-token <redacted> <redacted>
[2025-10-29T19:51:17Z] GIT add ['logs/csv-DSN019-S_MtLemmon-20250331-20251130.log']
[2025-10-29T20:04:45Z] GIT add ['status/status-DSN019-S_MtLemmon.json']
[2025-10-29T20:04:45Z] GIT add rc=0
[2025-10-29T20:04:45Z] GIT commit: status start DSN019-S_MtLemmon 2025-03-31..2025-11-30
[2025-10-29T20:04:45Z] GIT commit rc=0
[2025-10-29T20:04:45Z] GIT push origin main
[2025-10-29T20:04:46Z] GIT push rc=0
[2025-10-29T20:04:46Z] CSV job start for DSN019-S_MtLemmon 2025-03-31..2025-11-30
[2025-10-29T20:04:46Z] Running: python3 -u /Users/soazdsn/DSN/DSNcode/DSN_generate_csv.py --label DSN019-S_MtLemmon --from 2025-03-31 --to 2025-11-30 --site-repo /Users/soazdsn/DSN/soazcomms.github.io --out /Users/soazdsn/DSN/soazcomms.github.io/DSNdata/DSN019-S_MtLemmon_20250331_20251130.csv --influx-url https://us-east-1-1.aws.cloud2.influxdata.com --influx-org DSN --influx-bucket DSNdata --influx-token <redacted> <redacted>
[2025-10-29T20:04:46Z] GIT add ['logs/csv-DSN019-S_MtLemmon-20250331-20251130.log']
[2025-10-29T20:05:16Z] GIT add ['status/status-DSN019-S_MtLemmon.json']
[2025-10-29T20:05:16Z] GIT add rc=0
[2025-10-29T20:05:16Z] GIT commit: status start DSN019-S_MtLemmon 2025-03-31..2025-11-30
[2025-10-29T20:05:16Z] GIT commit rc=0
[2025-10-29T20:05:16Z] GIT push origin main
[2025-10-29T20:05:17Z] GIT push rc=0
[2025-10-29T20:05:17Z] CSV job start for DSN019-S_MtLemmon 2025-03-31..2025-11-30
[2025-10-29T20:05:17Z] Running: python3 -u /Users/soazdsn/DSN/DSNcode/DSN_generate_csv.py --label DSN019-S_MtLemmon --from 2025-03-31 --to 2025-11-30 --site-repo /Users/soazdsn/DSN/soazcomms.github.io --out /Users/soazdsn/DSN/soazcomms.github.io/DSNdata/DSN019-S_MtLemmon_20250331_20251130.csv --influx-url https://us-east-1-1.aws.cloud2.influxdata.com --influx-org DSN --influx-bucket DSNdata --influx-token <redacted> <redacted>
[2025-10-29T20:05:17Z] GIT add ['logs/csv-DSN019-S_MtLemmon-20250331-20251130.log']
[2025-10-29T20:09:34Z] GIT add ['status/status-DSN019-S_MtLemmon.json']
[2025-10-29T20:09:34Z] GIT add rc=0
[2025-10-29T20:09:34Z] GIT commit: status start DSN019-S_MtLemmon 2025-03-31..2025-11-30
[2025-10-29T20:09:34Z] GIT commit rc=0
[2025-10-29T20:09:34Z] GIT push origin main
[2025-10-29T20:09:35Z] GIT push rc=0
[2025-10-29T20:09:35Z] CSV job start for DSN019-S_MtLemmon 2025-03-31..2025-11-30
[2025-10-29T20:09:35Z] Running: python3 -u /Users/soazdsn/DSN/DSNcode/DSN_generate_csv.py --label DSN019-S_MtLemmon --from 2025-03-31 --to 2025-11-30 --site-repo /Users/soazdsn/DSN/soazcomms.github.io --out /Users/soazdsn/DSN/soazcomms.github.io/DSNdata/DSN019-S_MtLemmon_20250331_20251130.csv --influx-url https://us-east-1-1.aws.cloud2.influxdata.com --influx-org DSN --influx-bucket DSNdata --influx-token <redacted> <redacted>
[2025-10-29T20:09:35Z] GIT add ['logs/csv-DSN019-S_MtLemmon-20250331-20251130.log']
