[2025-10-28T00:38:47Z] CSV job start for DSN019-S_MtLemmon 2025-03-31..2025-11-30
[2025-10-28T00:38:47Z] Running: python3 /Users/soazdsn/DSN/DSNcode/DSN_generate_csv.py --label DSN019-S_MtLemmon --from 2025-03-31 --to 2025-11-30 --site-repo /Users/soazdsn/DSN/soazcomms.github.io --out /Users/soazdsn/DSN/soazcomms.github.io/DSNdata/data_2025-03-31_2025-11-30.csv
usage: DSN_generate_csv.py [-h] --label LABEL --from FROM_DATE --to TO_DATE
                           [--site-repo SITE_REPO] [--source SOURCE]
                           [--cmd CMD]
DSN_generate_csv.py: error: unrecognized arguments: --out /Users/soazdsn/DSN/soazcomms.github.io/DSNdata/data_2025-03-31_2025-11-30.csv
[2025-10-28T00:40:03Z] CSV job start for DSN019-S_MtLemmon 2025-03-31..2025-11-30
[2025-10-28T00:40:03Z] Running: python3 /Users/soazdsn/DSN/DSNcode/DSN_generate_csv.py --label DSN019-S_MtLemmon --from 2025-03-31 --to 2025-11-30 --site-repo /Users/soazdsn/DSN/soazcomms.github.io --out /Users/soazdsn/DSN/soazcomms.github.io/DSNdata/data_2025-03-31_2025-11-30.csv
usage: DSN_generate_csv.py [-h] --label LABEL --from FROM_DATE --to TO_DATE
                           [--site-repo SITE_REPO] [--source SOURCE]
                           [--cmd CMD]
DSN_generate_csv.py: error: unrecognized arguments: --out /Users/soazdsn/DSN/soazcomms.github.io/DSNdata/data_2025-03-31_2025-11-30.csv
[2025-10-28T00:44:20Z] CSV job start for DSN019-S_MtLemmon 2025-03-31..2025-11-30
[2025-10-28T00:44:20Z] Running: python3 /Users/soazdsn/DSN/DSNcode/DSN_generate_csv.py --label DSN019-S_MtLemmon --from 2025-03-31 --to 2025-11-30 --site-repo /Users/soazdsn/DSN/soazcomms.github.io --out /Users/soazdsn/DSN/soazcomms.github.io/DSNdata/data_2025-03-31_2025-11-30.csv
usage: DSN_generate_csv.py [-h] --label LABEL --from FROM_DATE --to TO_DATE
                           [--site-repo SITE_REPO] [--source SOURCE]
                           [--cmd CMD]
DSN_generate_csv.py: error: unrecognized arguments: --out /Users/soazdsn/DSN/soazcomms.github.io/DSNdata/data_2025-03-31_2025-11-30.csv
[2025-10-28T00:47:21Z] CSV job start for DSN019-S_MtLemmon 2025-03-31..2025-11-30
[2025-10-28T00:47:21Z] Running: python3 /Users/soazdsn/DSN/DSNcode/DSN_generate_csv.py --label DSN019-S_MtLemmon --from 2025-03-31 --to 2025-11-30 --site-repo /Users/soazdsn/DSN/soazcomms.github.io --out /Users/soazdsn/DSN/soazcomms.github.io/DSNdata/data_2025-03-31_2025-11-30.csv
usage: DSN_generate_csv.py [-h] --label LABEL --from FROM_DATE --to TO_DATE
                           [--site-repo SITE_REPO] [--source SOURCE]
                           [--cmd CMD]
DSN_generate_csv.py: error: unrecognized arguments: --out /Users/soazdsn/DSN/soazcomms.github.io/DSNdata/data_2025-03-31_2025-11-30.csv
