[2025-10-31T22:03:25Z] POST /DSN_csv label=DSN019-S_MtLemmon from=2025-03-31 to=2025-11-30
[2025-10-31T22:03:25Z] HTML step=params label=DSN019-S_MtLemmon from=2025-03-31 to=2025-11-30 note={"label":"DSN019-S_MtLemmon","from":"2025-03-31","to":"2025-11-30"}
[2025-10-31T22:03:25Z] HTML step=page_load label=DSN019-S_MtLemmon from=2025-03-31 to=2025-11-30 note=HTML loaded
[2025-10-31T22:03:26Z] HTML step=heartbeat label=DSN019-S_MtLemmon from=2025-03-31 to=2025-11-30 note=pct=20.6%
[2025-10-31T22:03:26Z] HTML step=log_head_ok label=DSN019-S_MtLemmon from=2025-03-31 to=2025-11-30 note=raw
[2025-10-31T22:03:27Z] HTML step=log_head_ok label=DSN019-S_MtLemmon from=2025-03-31 to=2025-11-30 note=raw
[2025-10-31T22:03:27Z] HTML step=heartbeat label=DSN019-S_MtLemmon from=2025-03-31 to=2025-11-30 note=pct=21.3%
[2025-10-31T22:03:27Z] CSV job start label=DSN019-S_MtLemmon from=2025-03-31 to=2025-11-30
[2025-10-31T22:03:28Z] HTML step=log_head_ok label=DSN019-S_MtLemmon from=2025-03-31 to=2025-11-30 note=raw
[2025-10-31T22:03:28Z] HTML step=heartbeat label=DSN019-S_MtLemmon from=2025-03-31 to=2025-11-30 note=pct=21.9%
[2025-10-31T22:03:29Z] HTML step=log_head_ok label=DSN019-S_MtLemmon from=2025-03-31 to=2025-11-30 note=raw
[2025-10-31T22:03:29Z] HTML step=heartbeat label=DSN019-S_MtLemmon from=2025-03-31 to=2025-11-30 note=pct=22.6%
[2025-10-31T22:03:30Z] HTML step=log_head_ok label=DSN019-S_MtLemmon from=2025-03-31 to=2025-11-30 note=raw
[2025-10-31T22:03:30Z] HTML step=heartbeat label=DSN019-S_MtLemmon from=2025-03-31 to=2025-11-30 note=pct=23.2%
[2025-10-31T22:03:31Z] HTML step=log_head_ok label=DSN019-S_MtLemmon from=2025-03-31 to=2025-11-30 note=raw
[2025-10-31T22:03:31Z] HTML step=heartbeat label=DSN019-S_MtLemmon from=2025-03-31 to=2025-11-30 note=pct=23.9%
[2025-10-31T22:03:32Z] HTML step=log_head_ok label=DSN019-S_MtLemmon from=2025-03-31 to=2025-11-30 note=raw
[2025-10-31T22:03:36Z] HTML step=log_head_ok label=DSN019-S_MtLemmon from=2025-03-31 to=2025-11-30 note=raw
[2025-10-31T22:03:36Z] HTML step=heartbeat label=DSN019-S_MtLemmon from=2025-03-31 to=2025-11-30 note=pct=27.1%
[2025-10-31T22:03:37Z] HTML step=log_head_ok label=DSN019-S_MtLemmon from=2025-03-31 to=2025-11-30 note=raw
[2025-10-31T22:03:37Z] HTML step=heartbeat label=DSN019-S_MtLemmon from=2025-03-31 to=2025-11-30 note=pct=27.7%
[2025-10-31T22:03:39Z] HTML step=log_head_ok label=DSN019-S_MtLemmon from=2025-03-31 to=2025-11-30 note=raw
[2025-10-31T22:03:39Z] HTML step=heartbeat label=DSN019-S_MtLemmon from=2025-03-31 to=2025-11-30 note=pct=29%
[2025-10-31T22:03:40Z] HTML step=log_head_ok label=DSN019-S_MtLemmon from=2025-03-31 to=2025-11-30 note=raw
[2025-10-31T22:03:40Z] HTML step=heartbeat label=DSN019-S_MtLemmon from=2025-03-31 to=2025-11-30 note=pct=29.6%
[2025-10-31T22:03:40Z] generator rc=0
[2025-10-31T22:03:41Z] HTML step=log_head_ok label=DSN019-S_MtLemmon from=2025-03-31 to=2025-11-30 note=raw
[2025-10-31T22:03:41Z] HTML step=heartbeat label=DSN019-S_MtLemmon from=2025-03-31 to=2025-11-30 note=pct=30.3%
[2025-10-31T22:03:41Z] HTML step=log_head_ok label=DSN019-S_MtLemmon from=2025-03-31 to=2025-11-30 note=raw
[2025-10-31T22:03:42Z] HTML step=heartbeat label=DSN019-S_MtLemmon from=2025-03-31 to=2025-11-30 note=pct=30.9%
[2025-10-31T22:03:42Z] HTML step=log_head_ok label=DSN019-S_MtLemmon from=2025-03-31 to=2025-11-30 note=raw
[2025-10-31T22:03:43Z] HTML step=heartbeat label=DSN019-S_MtLemmon from=2025-03-31 to=2025-11-30 note=pct=31.5%
[2025-10-31T22:03:43Z] HTML step=log_head_ok label=DSN019-S_MtLemmon from=2025-03-31 to=2025-11-30 note=raw
[2025-10-31T22:03:44Z] HTML step=log_head_ok label=DSN019-S_MtLemmon from=2025-03-31 to=2025-11-30 note=raw
[2025-10-31T22:03:44Z] HTML step=heartbeat label=DSN019-S_MtLemmon from=2025-03-31 to=2025-11-30 note=pct=32.2%
[2025-10-31T22:03:45Z] HTML step=log_head_ok label=DSN019-S_MtLemmon from=2025-03-31 to=2025-11-30 note=raw
[2025-10-31T22:03:45Z] HTML step=heartbeat label=DSN019-S_MtLemmon from=2025-03-31 to=2025-11-30 note=pct=32.8%
[2025-10-31T22:03:45Z] DONE published DSNdata/DSN019-S_MtLemmon_20250331_20251130.csv
[2025-10-31T22:03:46Z] HTML step=log_head_ok label=DSN019-S_MtLemmon from=2025-03-31 to=2025-11-30 note=raw
[2025-10-31T22:03:46Z] HTML step=heartbeat label=DSN019-S_MtLemmon from=2025-03-31 to=2025-11-30 note=pct=33.5%
[2025-10-31T22:03:47Z] HTML step=post_job_ok label=DSN019-S_MtLemmon from=2025-03-31 to=2025-11-30 note=
[2025-10-31T22:03:47Z] HTML step=log_head_ok label=DSN019-S_MtLemmon from=2025-03-31 to=2025-11-30 note=raw
[2025-10-31T22:03:47Z] HTML step=heartbeat label=DSN019-S_MtLemmon from=2025-03-31 to=2025-11-30 note=pct=34.1%
[2025-10-31T22:03:48Z] HTML step=log_head_ok label=DSN019-S_MtLemmon from=2025-03-31 to=2025-11-30 note=raw
[2025-10-31T22:03:48Z] HTML step=heartbeat label=DSN019-S_MtLemmon from=2025-03-31 to=2025-11-30 note=pct=34.8%
[2025-10-31T22:03:49Z] HTML step=log_head_ok label=DSN019-S_MtLemmon from=2025-03-31 to=2025-11-30 note=raw
